2025-04-10 18:09:43,587 - INFO - 使用Excel文件: testhomepage.xlsx
2025-04-10 18:09:43,589 - INFO - 使用 FirecrawlApp API密钥: fc-00...6afd4
2025-04-10 18:09:43,589 - INFO - 
开始检查 - 2025-04-10 18:09:43
2025-04-10 18:09:43,854 - INFO - 
正在检查主页 [1/21]: https://tardaguila.uy/ganaderia
2025-04-10 18:09:43,854 - INFO - 备注: 乌拉圭农业网站
2025-04-10 18:09:43,854 - INFO - 正在使用map方法获取 https://tardaguila.uy/ganaderia 的链接...
2025-04-10 18:09:44,949 - INFO - 移除了自引用链接: https://tardaguila.uy/ganaderia
2025-04-10 18:09:44,950 - INFO - 原始链接数量: 279, 去除自引用后: 278, 过滤后: 278
2025-04-10 18:09:44,950 - INFO - 发现 278 个链接
2025-04-10 18:09:44,950 - INFO - 历史链接数量: 278
2025-04-10 18:09:44,950 - INFO - 没有发现新链接
2025-04-10 18:09:44,953 - INFO - 等待 15 秒后继续下一个URL...
2025-04-10 18:09:59,964 - INFO - 
正在检查主页 [2/21]: https://blasinayasociados.com/ganaderia/
2025-04-10 18:09:59,964 - INFO - 备注: 乌拉圭牛肉资讯
2025-04-10 18:09:59,964 - INFO - 正在使用map方法获取 https://blasinayasociados.com/ganaderia/ 的链接...
2025-04-10 18:10:04,637 - INFO - 原始链接数量: 0, 去除自引用后: 0, 过滤后: 0
2025-04-10 18:10:04,638 - INFO - 发现 0 个链接
2025-04-10 18:10:04,638 - INFO - 历史链接数量: 0
2025-04-10 18:10:04,638 - INFO - 没有发现新链接
2025-04-10 18:10:04,643 - INFO - 等待 15 秒后继续下一个URL...
2025-04-10 18:10:19,651 - INFO - 
正在检查主页 [3/21]: https://www.beefcentral.com/news/
2025-04-10 18:10:19,651 - INFO - 备注: 澳洲最大的牛肉资讯网站，更新澳洲养牛以及全球牛肉新闻，以及活牛价格，预测
2025-04-10 18:10:19,651 - INFO - 正在使用map方法获取 https://www.beefcentral.com/news/ 的链接...
2025-04-10 18:10:49,970 - INFO - 原始链接数量: 1322, 去除自引用后: 1322, 过滤后: 1322
2025-04-10 18:10:49,970 - INFO - 发现 1322 个链接
2025-04-10 18:10:49,970 - INFO - 历史链接数量: 1322
2025-04-10 18:10:49,977 - INFO - 没有发现新链接
2025-04-10 18:10:49,994 - INFO - 等待 15 秒后继续下一个URL...
2025-04-10 18:11:04,996 - INFO - 
正在检查主页 [4/21]: https://bichosdecampo.com/
2025-04-10 18:11:04,996 - INFO - 备注: 阿根廷养牛以及阿根廷牛肉新闻
2025-04-10 18:11:04,996 - INFO - 正在使用map方法获取 https://bichosdecampo.com/ 的链接...
2025-04-10 18:11:08,440 - INFO - 原始链接数量: 940, 去除自引用后: 940, 过滤后: 848
2025-04-10 18:11:08,440 - INFO - 发现 848 个链接
2025-04-10 18:11:08,440 - INFO - 历史链接数量: 848
2025-04-10 18:11:08,440 - INFO - 没有发现新链接
2025-04-10 18:11:08,453 - INFO - 等待 15 秒后继续下一个URL...
2025-04-10 18:11:23,459 - INFO - 
正在检查主页 [5/21]: https://www.gub.uy/ministerio-ganaderia-agricultura-pesca/comunicacion/noticias
2025-04-10 18:11:23,459 - INFO - 备注: 乌拉圭农畜渔业部官方网站
2025-04-10 18:11:23,459 - INFO - 正在使用map方法获取 https://www.gub.uy/ministerio-ganaderia-agricultura-pesca/comunicacion/noticias 的链接...
2025-04-10 18:11:25,370 - INFO - 移除了自引用链接: https://www.gub.uy/ministerio-ganaderia-agricultura-pesca/comunicacion/noticias
2025-04-10 18:11:25,370 - INFO - 原始链接数量: 388, 去除自引用后: 387, 过滤后: 387
2025-04-10 18:11:25,370 - INFO - 发现 387 个链接
2025-04-10 18:11:25,370 - INFO - 历史链接数量: 387
2025-04-10 18:11:25,370 - INFO - 没有发现新链接
2025-04-10 18:11:25,383 - INFO - 等待 15 秒后继续下一个URL...
2025-04-10 18:11:40,384 - INFO - 
正在检查主页 [6/21]: https://www.gov.br/agricultura/pt-br/assuntos/noticias
2025-04-10 18:11:40,384 - INFO - 备注: 巴西农业部
2025-04-10 18:11:40,384 - INFO - 正在使用map方法获取 https://www.gov.br/agricultura/pt-br/assuntos/noticias 的链接...
2025-04-10 18:11:41,969 - INFO - 移除了自引用链接: https://www.gov.br/agricultura/pt-br/assuntos/noticias
2025-04-10 18:11:41,970 - INFO - 原始链接数量: 531, 去除自引用后: 530, 过滤后: 528
2025-04-10 18:11:41,970 - INFO - 发现 528 个链接
2025-04-10 18:11:41,970 - INFO - 历史链接数量: 528
2025-04-10 18:11:41,971 - INFO - 没有发现新链接
2025-04-10 18:11:41,987 - INFO - 等待 15 秒后继续下一个URL...
2025-04-10 18:11:56,988 - INFO - 
正在检查主页 [7/21]: https://www.noticiasagropecuarias.com/category/ganaderia/
2025-04-10 18:11:56,988 - INFO - 备注: 阿根廷本土牛肉资讯网站
2025-04-10 18:11:56,988 - INFO - 正在使用map方法获取 https://www.noticiasagropecuarias.com/category/ganaderia/ 的链接...
2025-04-10 18:12:07,006 - INFO - 原始链接数量: 21, 去除自引用后: 21, 过滤后: 0
2025-04-10 18:12:07,006 - INFO - 发现 0 个链接
2025-04-10 18:12:07,007 - INFO - 历史链接数量: 0
2025-04-10 18:12:07,007 - INFO - 没有发现新链接
2025-04-10 18:12:07,016 - INFO - 等待 15 秒后继续下一个URL...
2025-04-10 18:12:22,021 - INFO - 
正在检查主页 [8/21]: https://beefpoint.com.br/cadeia-produtiva/giro-do-boi/
2025-04-10 18:12:22,021 - INFO - 备注: 巴西本土牛肉资讯，包括开关资讯，牛肉价格，工厂动态等等
2025-04-10 18:12:22,021 - INFO - 正在使用map方法获取 https://beefpoint.com.br/cadeia-produtiva/giro-do-boi/ 的链接...
2025-04-10 18:12:23,497 - INFO - 原始链接数量: 175, 去除自引用后: 175, 过滤后: 0
2025-04-10 18:12:23,498 - INFO - 发现 0 个链接
2025-04-10 18:12:23,498 - INFO - 历史链接数量: 0
2025-04-10 18:12:23,498 - INFO - 没有发现新链接
2025-04-10 18:12:23,513 - INFO - 等待 15 秒后继续下一个URL...
2025-04-10 18:12:38,514 - INFO - 
正在检查主页 [9/21]: https://www.souagro.net/categoria/editoriais/pecuaria/
2025-04-10 18:12:38,514 - INFO - 备注: 巴西本土牛肉资讯，包括开关资讯，牛肉价格，工厂动态等等
2025-04-10 18:12:38,515 - INFO - 正在使用map方法获取 https://www.souagro.net/categoria/editoriais/pecuaria/ 的链接...
2025-04-10 18:12:56,072 - INFO - 原始链接数量: 10, 去除自引用后: 10, 过滤后: 0
2025-04-10 18:12:56,072 - INFO - 发现 0 个链接
2025-04-10 18:12:56,073 - INFO - 历史链接数量: 0
2025-04-10 18:12:56,073 - INFO - 没有发现新链接
2025-04-10 18:12:56,085 - INFO - 等待 15 秒后继续下一个URL...
2025-04-10 18:13:11,085 - INFO - 
正在检查主页 [10/21]: https://globorural.globo.com/pecuaria/
2025-04-10 18:13:11,086 - INFO - 备注: 巴西媒体资讯
2025-04-10 18:13:11,086 - INFO - 正在使用map方法获取 https://globorural.globo.com/pecuaria/ 的链接...
2025-04-10 18:13:12,846 - INFO - 原始链接数量: 454, 去除自引用后: 454, 过滤后: 454
2025-04-10 18:13:12,847 - INFO - 发现 454 个链接
2025-04-10 18:13:12,847 - INFO - 历史链接数量: 454
2025-04-10 18:13:12,848 - INFO - 没有发现新链接
2025-04-10 18:13:12,860 - INFO - 等待 15 秒后继续下一个URL...
2025-04-10 18:13:27,861 - INFO - 
正在检查主页 [11/21]: https://www.comprerural.com/categorias/noticias/
2025-04-10 18:13:27,861 - INFO - 备注: 巴西媒体资讯
2025-04-10 18:13:27,861 - INFO - 正在使用map方法获取 https://www.comprerural.com/categorias/noticias/ 的链接...
2025-04-10 18:13:28,731 - INFO - 原始链接数量: 345, 去除自引用后: 345, 过滤后: 0
2025-04-10 18:13:28,731 - INFO - 发现 0 个链接
2025-04-10 18:13:28,731 - INFO - 历史链接数量: 0
2025-04-10 18:13:28,731 - INFO - 没有发现新链接
2025-04-10 18:13:28,739 - INFO - 等待 15 秒后继续下一个URL...
2025-04-10 18:13:43,748 - INFO - 
正在检查主页 [12/21]: https://eurocarne.com/noticias
2025-04-10 18:13:43,748 - INFO - 备注: 西班牙和拉丁美洲肉类资讯
2025-04-10 18:13:43,748 - INFO - 正在使用map方法获取 https://eurocarne.com/noticias 的链接...
2025-04-10 18:13:44,910 - INFO - 移除了自引用链接: https://eurocarne.com/noticias
2025-04-10 18:13:44,910 - INFO - 原始链接数量: 439, 去除自引用后: 438, 过滤后: 437
2025-04-10 18:13:44,910 - INFO - 发现 437 个链接
2025-04-10 18:13:44,911 - INFO - 历史链接数量: 437
2025-04-10 18:13:44,912 - INFO - 没有发现新链接
2025-04-10 18:13:44,925 - INFO - 等待 15 秒后继续下一个URL...
2025-04-10 18:13:59,926 - INFO - 
正在检查主页 [13/21]: https://www.farmnews.com.br/category/mercado/
2025-04-10 18:13:59,926 - INFO - 备注: 巴西行业资讯
2025-04-10 18:13:59,926 - INFO - 正在使用map方法获取 https://www.farmnews.com.br/category/mercado/ 的链接...
2025-04-10 18:14:08,229 - INFO - 原始链接数量: 37, 去除自引用后: 37, 过滤后: 0
2025-04-10 18:14:08,229 - INFO - 发现 0 个链接
2025-04-10 18:14:08,229 - INFO - 历史链接数量: 0
2025-04-10 18:14:08,231 - INFO - 没有发现新链接
2025-04-10 18:14:08,243 - INFO - 等待 15 秒后继续下一个URL...
2025-04-10 18:14:23,249 - INFO - 
正在检查主页 [14/21]: https://www.theagribiz.com/agribuzz/
2025-04-10 18:14:23,249 - INFO - 备注: 巴西媒体资讯
2025-04-10 18:14:23,249 - INFO - 正在使用map方法获取 https://www.theagribiz.com/agribuzz/ 的链接...
2025-04-10 18:14:24,030 - INFO - 原始链接数量: 308, 去除自引用后: 308, 过滤后: 297
2025-04-10 18:14:24,031 - INFO - 发现 297 个链接
2025-04-10 18:14:24,031 - INFO - 历史链接数量: 297
2025-04-10 18:14:24,032 - INFO - 没有发现新链接
2025-04-10 18:14:24,049 - INFO - 等待 15 秒后继续下一个URL...
2025-04-10 18:14:39,051 - INFO - 
正在检查主页 [15/21]: https://www.agriland.ie/latest-farming-news/
2025-04-10 18:14:39,051 - INFO - 备注: 爱尔兰最大的农业新闻网站，更新全球肉类新闻
2025-04-10 18:14:39,051 - INFO - 正在使用map方法获取 https://www.agriland.ie/latest-farming-news/ 的链接...
2025-04-10 18:14:39,866 - INFO - 原始链接数量: 344, 去除自引用后: 344, 过滤后: 0
2025-04-10 18:14:39,867 - INFO - 发现 0 个链接
2025-04-10 18:14:39,867 - INFO - 历史链接数量: 0
2025-04-10 18:14:39,867 - INFO - 没有发现新链接
2025-04-10 18:14:39,881 - INFO - 等待 15 秒后继续下一个URL...
2025-04-10 18:14:54,882 - INFO - 
正在检查主页 [16/21]: https://www.thebeefsite.com/latest?page=1
2025-04-10 18:14:54,882 - INFO - 备注: 全球牛肉行业新闻及市场报告
2025-04-10 18:14:54,883 - INFO - 正在使用map方法获取 https://www.thebeefsite.com/latest?page=1 的链接...
2025-04-10 18:14:58,310 - INFO - 移除了自引用链接: https://www.thebeefsite.com/latest?page=1
2025-04-10 18:14:58,310 - INFO - 原始链接数量: 5, 去除自引用后: 4, 过滤后: 4
2025-04-10 18:14:58,310 - INFO - 发现 4 个链接
2025-04-10 18:14:58,310 - INFO - 历史链接数量: 4
2025-04-10 18:14:58,310 - INFO - 没有发现新链接
2025-04-10 18:14:58,320 - INFO - 等待 15 秒后继续下一个URL...
2025-04-10 18:15:13,327 - INFO - 
正在检查主页 [17/21]: https://www.mla.com.au/news-and-events/industry-news/
2025-04-10 18:15:13,327 - INFO - 备注: 红肉和畜牧业新闻、研究，牛羊市场
2025-04-10 18:15:13,327 - INFO - 正在使用map方法获取 https://www.mla.com.au/news-and-events/industry-news/ 的链接...
2025-04-10 18:15:14,567 - INFO - 原始链接数量: 806, 去除自引用后: 806, 过滤后: 802
2025-04-10 18:15:14,567 - INFO - 发现 802 个链接
2025-04-10 18:15:14,569 - INFO - 历史链接数量: 802
2025-04-10 18:15:14,569 - INFO - 没有发现新链接
2025-04-10 18:15:14,587 - INFO - 等待 15 秒后继续下一个URL...
2025-04-10 18:15:29,588 - INFO - 
正在检查主页 [18/21]: https://www.canadiancattlemen.ca/
2025-04-10 18:15:29,588 - INFO - 备注: 加拿大牛肉业协会，更新农业新闻
2025-04-10 18:15:29,588 - INFO - 正在使用map方法获取 https://www.canadiancattlemen.ca/ 的链接...
2025-04-10 18:15:31,038 - INFO - 原始链接数量: 1418, 去除自引用后: 1418, 过滤后: 1321
2025-04-10 18:15:31,039 - INFO - 发现 1321 个链接
2025-04-10 18:15:31,039 - INFO - 历史链接数量: 1321
2025-04-10 18:15:31,046 - INFO - 没有发现新链接
2025-04-10 18:15:31,067 - INFO - 等待 15 秒后继续下一个URL...
2025-04-10 18:15:46,068 - INFO - 
正在检查主页 [19/21]: https://www.elobservador.com.uy/agro
2025-04-10 18:15:46,068 - INFO - 备注: 乌拉圭权威新闻网站，在农业板块有肉类新闻更新
2025-04-10 18:15:46,068 - INFO - 正在使用map方法获取 https://www.elobservador.com.uy/agro 的链接...
2025-04-10 18:15:53,794 - INFO - 移除了自引用链接: https://www.elobservador.com.uy/agro
2025-04-10 18:15:53,794 - INFO - 原始链接数量: 298, 去除自引用后: 297, 过滤后: 297
2025-04-10 18:15:53,795 - INFO - 发现 297 个链接
2025-04-10 18:15:53,795 - INFO - 历史链接数量: 0
2025-04-10 18:15:53,795 - INFO - 发现 297 个新链接:
2025-04-10 18:15:53,795 - INFO -   - https://www.elobservador.com.uy/agro/lo-que-les-dejo-los-arroceros-el-haber-integrado-la-mision-oficial-que-encabezo-el-presidente-orsi-panama-n5993723
2025-04-10 18:15:53,795 - INFO -   - https://www.elobservador.com.uy/agro/lomo-y-bife-ancho-estrategica-degustacion-carnes-uruguayas-un-pais-que-no-exige-aranceles-n5993692
2025-04-10 18:15:53,795 - INFO -   - https://www.elobservador.com.uy/agro/advertencia-del-mgap-personas-que-decidan-salir-uruguay-o-entrar-al-pais-perros-y-gatos-n5993684
2025-04-10 18:15:53,796 - INFO -   - https://www.elobservador.com.uy/agro/la-union-azucareros-latinoamericanos-destaco-que-el-30-la-cana-se-destina-la-produccion-etanol-n5993671
2025-04-10 18:15:53,796 - INFO -   - https://www.elobservador.com.uy/agro/557
2025-04-10 18:15:53,796 - INFO -   - https://www.elobservador.com.uy/agro/866
2025-04-10 18:15:53,796 - INFO -   - https://www.elobservador.com.uy/agro/842
2025-04-10 18:15:53,796 - INFO -   - https://www.elobservador.com.uy/agro/1458
2025-04-10 18:15:53,796 - INFO -   - https://www.elobservador.com.uy/agro/515
2025-04-10 18:15:53,797 - INFO -   - https://www.elobservador.com.uy/agro/1461
2025-04-10 18:15:53,797 - INFO -   ... 还有 287 个新链接未显示
2025-04-10 18:15:53,797 - INFO - 历史链接更新至 297 个
2025-04-10 18:15:53,841 - INFO - 等待 15 秒后继续下一个URL...
2025-04-10 18:16:08,842 - INFO - 
正在检查主页 [20/21]: https://www.batimes.com.ar/topics/agriculture
2025-04-10 18:16:08,842 - INFO - 备注: 阿根廷农业资讯门户网站
2025-04-10 18:16:08,842 - INFO - 正在使用map方法获取 https://www.batimes.com.ar/topics/agriculture 的链接...
2025-04-10 18:16:10,375 - INFO - 移除了自引用链接: https://www.batimes.com.ar/topics/agriculture
2025-04-10 18:16:10,375 - INFO - 原始链接数量: 1, 去除自引用后: 0, 过滤后: 0
2025-04-10 18:16:10,375 - INFO - 发现 0 个链接
2025-04-10 18:16:10,376 - INFO - 历史链接数量: 0
2025-04-10 18:16:10,376 - INFO - 没有发现新链接
2025-04-10 18:16:10,389 - INFO - 等待 15 秒后继续下一个URL...
2025-04-10 18:16:25,390 - INFO - 
正在检查主页 [21/21]: https://valor.globo.com/agronegocios/
2025-04-10 18:16:25,390 - INFO - 备注: 巴西农业经济相关网
2025-04-10 18:16:25,390 - INFO - 正在使用map方法获取 https://valor.globo.com/agronegocios/ 的链接...
2025-04-10 18:16:42,951 - INFO - 原始链接数量: 355, 去除自引用后: 355, 过滤后: 355
2025-04-10 18:16:42,952 - INFO - 发现 355 个链接
2025-04-10 18:16:42,952 - INFO - 历史链接数量: 357
2025-04-10 18:16:42,953 - INFO - 没有发现新链接
2025-04-10 18:16:43,033 - INFO - 新链接已保存，批次ID: batch_20250410181643
2025-04-10 18:16:43,044 - INFO - 
总计发现 297 个新链接，来自 1 个网站
2025-04-10 18:16:43,044 - INFO - 检查完成 - 2025-04-10 18:16:43
